<?xml version="1.0" encoding="UTF-8"?>
<testsuite xmlns:xsi="http://www.w3.org/2001/XMLSchema-instance" xsi:noNamespaceSchemaLocation="https://maven.apache.org/surefire/maven-surefire-plugin/xsd/surefire-test-report-3.0.xsd" version="3.0" name="com.prakash.inventoryService.InventoryServiceApplicationTests" time="6.825" tests="1" errors="0" skipped="0" failures="0">
  <properties>
    <property name="java.specification.version" value="21"/>
    <property name="sun.cpu.isalist" value="amd64"/>
    <property name="sun.jnu.encoding" value="Cp1252"/>
    <property name="java.class.path" value="C:\Users\prakash dangi\OneDrive - Clark University\Desktop\Spring-project\SpringBoot-MicroService-ProductService\springboot-mircroservice\inventory-service\target\test-classes;C:\Users\prakash dangi\OneDrive - Clark University\Desktop\Spring-project\SpringBoot-MicroService-ProductService\springboot-mircroservice\inventory-service\target\classes;C:\Users\prakash dangi\.m2\repository\org\springframework\boot\spring-boot-starter-data-jpa\3.1.8\spring-boot-starter-data-jpa-3.1.8.jar;C:\Users\prakash dangi\.m2\repository\org\springframework\boot\spring-boot-starter-aop\3.1.8\spring-boot-starter-aop-3.1.8.jar;C:\Users\prakash dangi\.m2\repository\org\springframework\spring-aop\6.0.16\spring-aop-6.0.16.jar;C:\Users\prakash dangi\.m2\repository\org\aspectj\aspectjweaver\1.9.21\aspectjweaver-1.9.21.jar;C:\Users\prakash dangi\.m2\repository\org\springframework\boot\spring-boot-starter-jdbc\3.1.8\spring-boot-starter-jdbc-3.1.8.jar;C:\Users\prakash dangi\.m2\repository\com\zaxxer\HikariCP\5.0.1\HikariCP-5.0.1.jar;C:\Users\prakash dangi\.m2\repository\org\springframework\spring-jdbc\6.0.16\spring-jdbc-6.0.16.jar;C:\Users\prakash dangi\.m2\repository\org\hibernate\orm\hibernate-core\6.2.20.Final\hibernate-core-6.2.20.Final.jar;C:\Users\prakash dangi\.m2\repository\jakarta\persistence\jakarta.persistence-api\3.1.0\jakarta.persistence-api-3.1.0.jar;C:\Users\prakash dangi\.m2\repository\jakarta\transaction\jakarta.transaction-api\2.0.1\jakarta.transaction-api-2.0.1.jar;C:\Users\prakash dangi\.m2\repository\org\jboss\logging\jboss-logging\3.5.3.Final\jboss-logging-3.5.3.Final.jar;C:\Users\prakash dangi\.m2\repository\org\hibernate\common\hibernate-commons-annotations\6.0.6.Final\hibernate-commons-annotations-6.0.6.Final.jar;C:\Users\prakash dangi\.m2\repository\io\smallrye\jandex\3.0.5\jandex-3.0.5.jar;C:\Users\prakash dangi\.m2\repository\com\fasterxml\classmate\1.5.1\classmate-1.5.1.jar;C:\Users\prakash dangi\.m2\repository\net\bytebuddy\byte-buddy\1.14.11\byte-buddy-1.14.11.jar;C:\Users\prakash dangi\.m2\repository\org\glassfish\jaxb\jaxb-runtime\4.0.4\jaxb-runtime-4.0.4.jar;C:\Users\prakash dangi\.m2\repository\org\glassfish\jaxb\jaxb-core\4.0.4\jaxb-core-4.0.4.jar;C:\Users\prakash dangi\.m2\repository\org\eclipse\angus\angus-activation\2.0.1\angus-activation-2.0.1.jar;C:\Users\prakash dangi\.m2\repository\org\glassfish\jaxb\txw2\4.0.4\txw2-4.0.4.jar;C:\Users\prakash dangi\.m2\repository\com\sun\istack\istack-commons-runtime\4.1.2\istack-commons-runtime-4.1.2.jar;C:\Users\prakash dangi\.m2\repository\jakarta\inject\jakarta.inject-api\2.0.1\jakarta.inject-api-2.0.1.jar;C:\Users\prakash dangi\.m2\repository\org\antlr\antlr4-runtime\4.10.1\antlr4-runtime-4.10.1.jar;C:\Users\prakash dangi\.m2\repository\org\springframework\data\spring-data-jpa\3.1.8\spring-data-jpa-3.1.8.jar;C:\Users\prakash dangi\.m2\repository\org\springframework\data\spring-data-commons\3.1.8\spring-data-commons-3.1.8.jar;C:\Users\prakash dangi\.m2\repository\org\springframework\spring-orm\6.0.16\spring-orm-6.0.16.jar;C:\Users\prakash dangi\.m2\repository\org\springframework\spring-context\6.0.16\spring-context-6.0.16.jar;C:\Users\prakash dangi\.m2\repository\org\springframework\spring-tx\6.0.16\spring-tx-6.0.16.jar;C:\Users\prakash dangi\.m2\repository\org\springframework\spring-beans\6.0.16\spring-beans-6.0.16.jar;C:\Users\prakash dangi\.m2\repository\jakarta\annotation\jakarta.annotation-api\2.1.1\jakarta.annotation-api-2.1.1.jar;C:\Users\prakash dangi\.m2\repository\org\slf4j\slf4j-api\2.0.11\slf4j-api-2.0.11.jar;C:\Users\prakash dangi\.m2\repository\org\springframework\spring-aspects\6.0.16\spring-aspects-6.0.16.jar;C:\Users\prakash dangi\.m2\repository\org\springframework\boot\spring-boot-starter-validation\3.1.8\spring-boot-starter-validation-3.1.8.jar;C:\Users\prakash dangi\.m2\repository\org\springframework\boot\spring-boot-starter\3.1.8\spring-boot-starter-3.1.8.jar;C:\Users\prakash dangi\.m2\repository\org\springframework\boot\spring-boot\3.1.8\spring-boot-3.1.8.jar;C:\Users\prakash dangi\.m2\repository\org\springframework\boot\spring-boot-autoconfigure\3.1.8\spring-boot-autoconfigure-3.1.8.jar;C:\Users\prakash dangi\.m2\repository\org\springframework\boot\spring-boot-starter-logging\3.1.8\spring-boot-starter-logging-3.1.8.jar;C:\Users\prakash dangi\.m2\repository\ch\qos\logback\logback-classic\1.4.14\logback-classic-1.4.14.jar;C:\Users\prakash dangi\.m2\repository\ch\qos\logback\logback-core\1.4.14\logback-core-1.4.14.jar;C:\Users\prakash dangi\.m2\repository\org\apache\logging\log4j\log4j-to-slf4j\2.20.0\log4j-to-slf4j-2.20.0.jar;C:\Users\prakash dangi\.m2\repository\org\apache\logging\log4j\log4j-api\2.20.0\log4j-api-2.20.0.jar;C:\Users\prakash dangi\.m2\repository\org\slf4j\jul-to-slf4j\2.0.11\jul-to-slf4j-2.0.11.jar;C:\Users\prakash dangi\.m2\repository\org\yaml\snakeyaml\1.33\snakeyaml-1.33.jar;C:\Users\prakash dangi\.m2\repository\org\apache\tomcat\embed\tomcat-embed-el\10.1.18\tomcat-embed-el-10.1.18.jar;C:\Users\prakash dangi\.m2\repository\org\hibernate\validator\hibernate-validator\8.0.1.Final\hibernate-validator-8.0.1.Final.jar;C:\Users\prakash dangi\.m2\repository\jakarta\validation\jakarta.validation-api\3.0.2\jakarta.validation-api-3.0.2.jar;C:\Users\prakash dangi\.m2\repository\org\springframework\boot\spring-boot-starter-web\3.1.8\spring-boot-starter-web-3.1.8.jar;C:\Users\prakash dangi\.m2\repository\org\springframework\boot\spring-boot-starter-json\3.1.8\spring-boot-starter-json-3.1.8.jar;C:\Users\prakash dangi\.m2\repository\com\fasterxml\jackson\core\jackson-databind\2.15.3\jackson-databind-2.15.3.jar;C:\Users\prakash dangi\.m2\repository\com\fasterxml\jackson\datatype\jackson-datatype-jdk8\2.15.3\jackson-datatype-jdk8-2.15.3.jar;C:\Users\prakash dangi\.m2\repository\com\fasterxml\jackson\datatype\jackson-datatype-jsr310\2.15.3\jackson-datatype-jsr310-2.15.3.jar;C:\Users\prakash dangi\.m2\repository\com\fasterxml\jackson\module\jackson-module-parameter-names\2.15.3\jackson-module-parameter-names-2.15.3.jar;C:\Users\prakash dangi\.m2\repository\org\springframework\boot\spring-boot-starter-tomcat\3.1.8\spring-boot-starter-tomcat-3.1.8.jar;C:\Users\prakash dangi\.m2\repository\org\apache\tomcat\embed\tomcat-embed-core\10.1.18\tomcat-embed-core-10.1.18.jar;C:\Users\prakash dangi\.m2\repository\org\apache\tomcat\embed\tomcat-embed-websocket\10.1.18\tomcat-embed-websocket-10.1.18.jar;C:\Users\prakash dangi\.m2\repository\org\springframework\spring-web\6.0.16\spring-web-6.0.16.jar;C:\Users\prakash dangi\.m2\repository\org\springframework\spring-webmvc\6.0.16\spring-webmvc-6.0.16.jar;C:\Users\prakash dangi\.m2\repository\org\springframework\spring-expression\6.0.16\spring-expression-6.0.16.jar;C:\Users\prakash dangi\.m2\repository\com\mysql\mysql-connector-j\8.0.33\mysql-connector-j-8.0.33.jar;C:\Users\prakash dangi\.m2\repository\org\projectlombok\lombok\1.18.30\lombok-1.18.30.jar;C:\Users\prakash dangi\.m2\repository\org\springframework\boot\spring-boot-starter-test\3.1.8\spring-boot-starter-test-3.1.8.jar;C:\Users\prakash dangi\.m2\repository\org\springframework\boot\spring-boot-test\3.1.8\spring-boot-test-3.1.8.jar;C:\Users\prakash dangi\.m2\repository\org\springframework\boot\spring-boot-test-autoconfigure\3.1.8\spring-boot-test-autoconfigure-3.1.8.jar;C:\Users\prakash dangi\.m2\repository\com\jayway\jsonpath\json-path\2.8.0\json-path-2.8.0.jar;C:\Users\prakash dangi\.m2\repository\jakarta\xml\bind\jakarta.xml.bind-api\4.0.1\jakarta.xml.bind-api-4.0.1.jar;C:\Users\prakash dangi\.m2\repository\jakarta\activation\jakarta.activation-api\2.1.2\jakarta.activation-api-2.1.2.jar;C:\Users\prakash dangi\.m2\repository\net\minidev\json-smart\2.4.11\json-smart-2.4.11.jar;C:\Users\prakash dangi\.m2\repository\net\minidev\accessors-smart\2.4.11\accessors-smart-2.4.11.jar;C:\Users\prakash dangi\.m2\repository\org\ow2\asm\asm\9.3\asm-9.3.jar;C:\Users\prakash dangi\.m2\repository\org\assertj\assertj-core\3.24.2\assertj-core-3.24.2.jar;C:\Users\prakash dangi\.m2\repository\org\hamcrest\hamcrest\2.2\hamcrest-2.2.jar;C:\Users\prakash dangi\.m2\repository\org\junit\jupiter\junit-jupiter\5.9.3\junit-jupiter-5.9.3.jar;C:\Users\prakash dangi\.m2\repository\org\junit\jupiter\junit-jupiter-api\5.9.3\junit-jupiter-api-5.9.3.jar;C:\Users\prakash dangi\.m2\repository\org\opentest4j\opentest4j\1.2.0\opentest4j-1.2.0.jar;C:\Users\prakash dangi\.m2\repository\org\junit\platform\junit-platform-commons\1.9.3\junit-platform-commons-1.9.3.jar;C:\Users\prakash dangi\.m2\repository\org\apiguardian\apiguardian-api\1.1.2\apiguardian-api-1.1.2.jar;C:\Users\prakash dangi\.m2\repository\org\junit\jupiter\junit-jupiter-params\5.9.3\junit-jupiter-params-5.9.3.jar;C:\Users\prakash dangi\.m2\repository\org\junit\jupiter\junit-jupiter-engine\5.9.3\junit-jupiter-engine-5.9.3.jar;C:\Users\prakash dangi\.m2\repository\org\junit\platform\junit-platform-engine\1.9.3\junit-platform-engine-1.9.3.jar;C:\Users\prakash dangi\.m2\repository\org\mockito\mockito-core\5.3.1\mockito-core-5.3.1.jar;C:\Users\prakash dangi\.m2\repository\net\bytebuddy\byte-buddy-agent\1.14.11\byte-buddy-agent-1.14.11.jar;C:\Users\prakash dangi\.m2\repository\org\objenesis\objenesis\3.3\objenesis-3.3.jar;C:\Users\prakash dangi\.m2\repository\org\mockito\mockito-junit-jupiter\5.3.1\mockito-junit-jupiter-5.3.1.jar;C:\Users\prakash dangi\.m2\repository\org\skyscreamer\jsonassert\1.5.1\jsonassert-1.5.1.jar;C:\Users\prakash dangi\.m2\repository\com\vaadin\external\google\android-json\0.0.20131108.vaadin1\android-json-0.0.20131108.vaadin1.jar;C:\Users\prakash dangi\.m2\repository\org\springframework\spring-core\6.0.16\spring-core-6.0.16.jar;C:\Users\prakash dangi\.m2\repository\org\springframework\spring-jcl\6.0.16\spring-jcl-6.0.16.jar;C:\Users\prakash dangi\.m2\repository\org\springframework\spring-test\6.0.16\spring-test-6.0.16.jar;C:\Users\prakash dangi\.m2\repository\org\xmlunit\xmlunit-core\2.9.1\xmlunit-core-2.9.1.jar;C:\Users\prakash dangi\.m2\repository\org\springdoc\springdoc-openapi-starter-webmvc-ui\2.0.0\springdoc-openapi-starter-webmvc-ui-2.0.0.jar;C:\Users\prakash dangi\.m2\repository\org\springdoc\springdoc-openapi-starter-webmvc-api\2.0.0\springdoc-openapi-starter-webmvc-api-2.0.0.jar;C:\Users\prakash dangi\.m2\repository\org\springdoc\springdoc-openapi-starter-common\2.0.0\springdoc-openapi-starter-common-2.0.0.jar;C:\Users\prakash dangi\.m2\repository\io\swagger\core\v3\swagger-core-jakarta\2.2.7\swagger-core-jakarta-2.2.7.jar;C:\Users\prakash dangi\.m2\repository\org\apache\commons\commons-lang3\3.12.0\commons-lang3-3.12.0.jar;C:\Users\prakash dangi\.m2\repository\io\swagger\core\v3\swagger-annotations-jakarta\2.2.7\swagger-annotations-jakarta-2.2.7.jar;C:\Users\prakash dangi\.m2\repository\io\swagger\core\v3\swagger-models-jakarta\2.2.7\swagger-models-jakarta-2.2.7.jar;C:\Users\prakash dangi\.m2\repository\com\fasterxml\jackson\dataformat\jackson-dataformat-yaml\2.15.3\jackson-dataformat-yaml-2.15.3.jar;C:\Users\prakash dangi\.m2\repository\org\webjars\swagger-ui\4.15.5\swagger-ui-4.15.5.jar;C:\Users\prakash dangi\.m2\repository\org\webjars\webjars-locator-core\0.52\webjars-locator-core-0.52.jar;C:\Users\prakash dangi\.m2\repository\io\github\classgraph\classgraph\4.8.149\classgraph-4.8.149.jar;C:\Users\prakash dangi\.m2\repository\org\springframework\cloud\spring-cloud-starter-netflix-eureka-client\4.0.4\spring-cloud-starter-netflix-eureka-client-4.0.4.jar;C:\Users\prakash dangi\.m2\repository\org\springframework\cloud\spring-cloud-starter\4.0.5\spring-cloud-starter-4.0.5.jar;C:\Users\prakash dangi\.m2\repository\org\springframework\cloud\spring-cloud-context\4.0.5\spring-cloud-context-4.0.5.jar;C:\Users\prakash dangi\.m2\repository\org\springframework\security\spring-security-crypto\6.1.6\spring-security-crypto-6.1.6.jar;C:\Users\prakash dangi\.m2\repository\org\springframework\cloud\spring-cloud-commons\4.0.5\spring-cloud-commons-4.0.5.jar;C:\Users\prakash dangi\.m2\repository\org\springframework\security\spring-security-rsa\1.0.12.RELEASE\spring-security-rsa-1.0.12.RELEASE.jar;C:\Users\prakash dangi\.m2\repository\org\bouncycastle\bcpkix-jdk18on\1.73\bcpkix-jdk18on-1.73.jar;C:\Users\prakash dangi\.m2\repository\org\bouncycastle\bcprov-jdk18on\1.73\bcprov-jdk18on-1.73.jar;C:\Users\prakash dangi\.m2\repository\org\bouncycastle\bcutil-jdk18on\1.73\bcutil-jdk18on-1.73.jar;C:\Users\prakash dangi\.m2\repository\org\springframework\cloud\spring-cloud-netflix-eureka-client\4.0.4\spring-cloud-netflix-eureka-client-4.0.4.jar;C:\Users\prakash dangi\.m2\repository\org\apache\httpcomponents\client5\httpclient5\5.2.3\httpclient5-5.2.3.jar;C:\Users\prakash dangi\.m2\repository\org\apache\httpcomponents\core5\httpcore5\5.2.4\httpcore5-5.2.4.jar;C:\Users\prakash dangi\.m2\repository\org\apache\httpcomponents\core5\httpcore5-h2\5.2.4\httpcore5-h2-5.2.4.jar;C:\Users\prakash dangi\.m2\repository\com\netflix\eureka\eureka-client\2.0.1\eureka-client-2.0.1.jar;C:\Users\prakash dangi\.m2\repository\com\netflix\netflix-commons\netflix-eventbus\0.3.0\netflix-eventbus-0.3.0.jar;C:\Users\prakash dangi\.m2\repository\com\netflix\netflix-commons\netflix-infix\0.3.0\netflix-infix-0.3.0.jar;C:\Users\prakash dangi\.m2\repository\commons-jxpath\commons-jxpath\1.3\commons-jxpath-1.3.jar;C:\Users\prakash dangi\.m2\repository\joda-time\joda-time\2.3\joda-time-2.3.jar;C:\Users\prakash dangi\.m2\repository\org\antlr\antlr-runtime\3.4\antlr-runtime-3.4.jar;C:\Users\prakash dangi\.m2\repository\org\antlr\stringtemplate\3.2.1\stringtemplate-3.2.1.jar;C:\Users\prakash dangi\.m2\repository\antlr\antlr\2.7.7\antlr-2.7.7.jar;C:\Users\prakash dangi\.m2\repository\com\google\code\gson\gson\2.10.1\gson-2.10.1.jar;C:\Users\prakash dangi\.m2\repository\org\apache\commons\commons-math\2.2\commons-math-2.2.jar;C:\Users\prakash dangi\.m2\repository\com\thoughtworks\xstream\xstream\1.4.19\xstream-1.4.19.jar;C:\Users\prakash dangi\.m2\repository\io\github\x-stream\mxparser\1.2.2\mxparser-1.2.2.jar;C:\Users\prakash dangi\.m2\repository\xmlpull\xmlpull\1.1.3.1\xmlpull-1.1.3.1.jar;C:\Users\prakash dangi\.m2\repository\jakarta\ws\rs\jakarta.ws.rs-api\3.1.0\jakarta.ws.rs-api-3.1.0.jar;C:\Users\prakash dangi\.m2\repository\com\netflix\servo\servo-core\0.12.21\servo-core-0.12.21.jar;C:\Users\prakash dangi\.m2\repository\com\google\guava\guava\19.0\guava-19.0.jar;C:\Users\prakash dangi\.m2\repository\org\apache\httpcomponents\httpclient\4.5.3\httpclient-4.5.3.jar;C:\Users\prakash dangi\.m2\repository\org\apache\httpcomponents\httpcore\4.4.16\httpcore-4.4.16.jar;C:\Users\prakash dangi\.m2\repository\commons-codec\commons-codec\1.15\commons-codec-1.15.jar;C:\Users\prakash dangi\.m2\repository\commons-configuration\commons-configuration\1.10\commons-configuration-1.10.jar;C:\Users\prakash dangi\.m2\repository\commons-lang\commons-lang\2.6\commons-lang-2.6.jar;C:\Users\prakash dangi\.m2\repository\com\fasterxml\jackson\core\jackson-annotations\2.15.3\jackson-annotations-2.15.3.jar;C:\Users\prakash dangi\.m2\repository\com\fasterxml\jackson\core\jackson-core\2.15.3\jackson-core-2.15.3.jar;C:\Users\prakash dangi\.m2\repository\org\codehaus\jettison\jettison\1.4.0\jettison-1.4.0.jar;C:\Users\prakash dangi\.m2\repository\com\netflix\eureka\eureka-core\2.0.1\eureka-core-2.0.1.jar;C:\Users\prakash dangi\.m2\repository\com\fasterxml\woodstox\woodstox-core\6.2.1\woodstox-core-6.2.1.jar;C:\Users\prakash dangi\.m2\repository\org\codehaus\woodstox\stax2-api\4.2.1\stax2-api-4.2.1.jar;C:\Users\prakash dangi\.m2\repository\org\springframework\cloud\spring-cloud-starter-loadbalancer\4.0.5\spring-cloud-starter-loadbalancer-4.0.5.jar;C:\Users\prakash dangi\.m2\repository\org\springframework\cloud\spring-cloud-loadbalancer\4.0.5\spring-cloud-loadbalancer-4.0.5.jar;C:\Users\prakash dangi\.m2\repository\io\projectreactor\reactor-core\3.5.14\reactor-core-3.5.14.jar;C:\Users\prakash dangi\.m2\repository\org\reactivestreams\reactive-streams\1.0.4\reactive-streams-1.0.4.jar;C:\Users\prakash dangi\.m2\repository\io\projectreactor\addons\reactor-extra\3.5.1\reactor-extra-3.5.1.jar;C:\Users\prakash dangi\.m2\repository\org\springframework\boot\spring-boot-starter-cache\3.1.8\spring-boot-starter-cache-3.1.8.jar;C:\Users\prakash dangi\.m2\repository\org\springframework\spring-context-support\6.0.16\spring-context-support-6.0.16.jar;C:\Users\prakash dangi\.m2\repository\com\stoyanr\evictor\1.0.0\evictor-1.0.0.jar;C:\Users\prakash dangi\.m2\repository\org\springframework\boot\spring-boot-starter-actuator\3.1.8\spring-boot-starter-actuator-3.1.8.jar;C:\Users\prakash dangi\.m2\repository\org\springframework\boot\spring-boot-actuator-autoconfigure\3.1.8\spring-boot-actuator-autoconfigure-3.1.8.jar;C:\Users\prakash dangi\.m2\repository\org\springframework\boot\spring-boot-actuator\3.1.8\spring-boot-actuator-3.1.8.jar;C:\Users\prakash dangi\.m2\repository\io\micrometer\micrometer-observation\1.11.8\micrometer-observation-1.11.8.jar;C:\Users\prakash dangi\.m2\repository\io\micrometer\micrometer-commons\1.11.8\micrometer-commons-1.11.8.jar;C:\Users\prakash dangi\.m2\repository\io\micrometer\micrometer-core\1.11.8\micrometer-core-1.11.8.jar;C:\Users\prakash dangi\.m2\repository\org\hdrhistogram\HdrHistogram\2.1.12\HdrHistogram-2.1.12.jar;C:\Users\prakash dangi\.m2\repository\org\latencyutils\LatencyUtils\2.0.3\LatencyUtils-2.0.3.jar;"/>
    <property name="java.vm.vendor" value="Oracle Corporation"/>
    <property name="sun.arch.data.model" value="64"/>
    <property name="user.variant" value=""/>
    <property name="java.vendor.url" value="https://java.oracle.com/"/>
    <property name="user.timezone" value="America/New_York"/>
    <property name="org.jboss.logging.provider" value="slf4j"/>
    <property name="os.name" value="Windows 11"/>
    <property name="java.vm.specification.version" value="21"/>
    <property name="sun.java.launcher" value="SUN_STANDARD"/>
    <property name="user.country" value="US"/>
    <property name="sun.boot.library.path" value="C:\Users\prakash dangi\.jdks\openjdk-21.0.1\bin"/>
    <property name="sun.java.command" value="C:\Users\prakash dangi\AppData\Local\Temp\surefire3221433492757069355\surefirebooter-20240130235942253_8.jar C:\Users\prakash dangi\AppData\Local\Temp\surefire3221433492757069355 2024-01-30T23-59-24_963-jvmRun1 surefire-20240130235942253_6tmp surefire_1-20240130235942253_7tmp"/>
    <property name="jdk.debug" value="release"/>
    <property name="surefire.test.class.path" value="C:\Users\prakash dangi\OneDrive - Clark University\Desktop\Spring-project\SpringBoot-MicroService-ProductService\springboot-mircroservice\inventory-service\target\test-classes;C:\Users\prakash dangi\OneDrive - Clark University\Desktop\Spring-project\SpringBoot-MicroService-ProductService\springboot-mircroservice\inventory-service\target\classes;C:\Users\prakash dangi\.m2\repository\org\springframework\boot\spring-boot-starter-data-jpa\3.1.8\spring-boot-starter-data-jpa-3.1.8.jar;C:\Users\prakash dangi\.m2\repository\org\springframework\boot\spring-boot-starter-aop\3.1.8\spring-boot-starter-aop-3.1.8.jar;C:\Users\prakash dangi\.m2\repository\org\springframework\spring-aop\6.0.16\spring-aop-6.0.16.jar;C:\Users\prakash dangi\.m2\repository\org\aspectj\aspectjweaver\1.9.21\aspectjweaver-1.9.21.jar;C:\Users\prakash dangi\.m2\repository\org\springframework\boot\spring-boot-starter-jdbc\3.1.8\spring-boot-starter-jdbc-3.1.8.jar;C:\Users\prakash dangi\.m2\repository\com\zaxxer\HikariCP\5.0.1\HikariCP-5.0.1.jar;C:\Users\prakash dangi\.m2\repository\org\springframework\spring-jdbc\6.0.16\spring-jdbc-6.0.16.jar;C:\Users\prakash dangi\.m2\repository\org\hibernate\orm\hibernate-core\6.2.20.Final\hibernate-core-6.2.20.Final.jar;C:\Users\prakash dangi\.m2\repository\jakarta\persistence\jakarta.persistence-api\3.1.0\jakarta.persistence-api-3.1.0.jar;C:\Users\prakash dangi\.m2\repository\jakarta\transaction\jakarta.transaction-api\2.0.1\jakarta.transaction-api-2.0.1.jar;C:\Users\prakash dangi\.m2\repository\org\jboss\logging\jboss-logging\3.5.3.Final\jboss-logging-3.5.3.Final.jar;C:\Users\prakash dangi\.m2\repository\org\hibernate\common\hibernate-commons-annotations\6.0.6.Final\hibernate-commons-annotations-6.0.6.Final.jar;C:\Users\prakash dangi\.m2\repository\io\smallrye\jandex\3.0.5\jandex-3.0.5.jar;C:\Users\prakash dangi\.m2\repository\com\fasterxml\classmate\1.5.1\classmate-1.5.1.jar;C:\Users\prakash dangi\.m2\repository\net\bytebuddy\byte-buddy\1.14.11\byte-buddy-1.14.11.jar;C:\Users\prakash dangi\.m2\repository\org\glassfish\jaxb\jaxb-runtime\4.0.4\jaxb-runtime-4.0.4.jar;C:\Users\prakash dangi\.m2\repository\org\glassfish\jaxb\jaxb-core\4.0.4\jaxb-core-4.0.4.jar;C:\Users\prakash dangi\.m2\repository\org\eclipse\angus\angus-activation\2.0.1\angus-activation-2.0.1.jar;C:\Users\prakash dangi\.m2\repository\org\glassfish\jaxb\txw2\4.0.4\txw2-4.0.4.jar;C:\Users\prakash dangi\.m2\repository\com\sun\istack\istack-commons-runtime\4.1.2\istack-commons-runtime-4.1.2.jar;C:\Users\prakash dangi\.m2\repository\jakarta\inject\jakarta.inject-api\2.0.1\jakarta.inject-api-2.0.1.jar;C:\Users\prakash dangi\.m2\repository\org\antlr\antlr4-runtime\4.10.1\antlr4-runtime-4.10.1.jar;C:\Users\prakash dangi\.m2\repository\org\springframework\data\spring-data-jpa\3.1.8\spring-data-jpa-3.1.8.jar;C:\Users\prakash dangi\.m2\repository\org\springframework\data\spring-data-commons\3.1.8\spring-data-commons-3.1.8.jar;C:\Users\prakash dangi\.m2\repository\org\springframework\spring-orm\6.0.16\spring-orm-6.0.16.jar;C:\Users\prakash dangi\.m2\repository\org\springframework\spring-context\6.0.16\spring-context-6.0.16.jar;C:\Users\prakash dangi\.m2\repository\org\springframework\spring-tx\6.0.16\spring-tx-6.0.16.jar;C:\Users\prakash dangi\.m2\repository\org\springframework\spring-beans\6.0.16\spring-beans-6.0.16.jar;C:\Users\prakash dangi\.m2\repository\jakarta\annotation\jakarta.annotation-api\2.1.1\jakarta.annotation-api-2.1.1.jar;C:\Users\prakash dangi\.m2\repository\org\slf4j\slf4j-api\2.0.11\slf4j-api-2.0.11.jar;C:\Users\prakash dangi\.m2\repository\org\springframework\spring-aspects\6.0.16\spring-aspects-6.0.16.jar;C:\Users\prakash dangi\.m2\repository\org\springframework\boot\spring-boot-starter-validation\3.1.8\spring-boot-starter-validation-3.1.8.jar;C:\Users\prakash dangi\.m2\repository\org\springframework\boot\spring-boot-starter\3.1.8\spring-boot-starter-3.1.8.jar;C:\Users\prakash dangi\.m2\repository\org\springframework\boot\spring-boot\3.1.8\spring-boot-3.1.8.jar;C:\Users\prakash dangi\.m2\repository\org\springframework\boot\spring-boot-autoconfigure\3.1.8\spring-boot-autoconfigure-3.1.8.jar;C:\Users\prakash dangi\.m2\repository\org\springframework\boot\spring-boot-starter-logging\3.1.8\spring-boot-starter-logging-3.1.8.jar;C:\Users\prakash dangi\.m2\repository\ch\qos\logback\logback-classic\1.4.14\logback-classic-1.4.14.jar;C:\Users\prakash dangi\.m2\repository\ch\qos\logback\logback-core\1.4.14\logback-core-1.4.14.jar;C:\Users\prakash dangi\.m2\repository\org\apache\logging\log4j\log4j-to-slf4j\2.20.0\log4j-to-slf4j-2.20.0.jar;C:\Users\prakash dangi\.m2\repository\org\apache\logging\log4j\log4j-api\2.20.0\log4j-api-2.20.0.jar;C:\Users\prakash dangi\.m2\repository\org\slf4j\jul-to-slf4j\2.0.11\jul-to-slf4j-2.0.11.jar;C:\Users\prakash dangi\.m2\repository\org\yaml\snakeyaml\1.33\snakeyaml-1.33.jar;C:\Users\prakash dangi\.m2\repository\org\apache\tomcat\embed\tomcat-embed-el\10.1.18\tomcat-embed-el-10.1.18.jar;C:\Users\prakash dangi\.m2\repository\org\hibernate\validator\hibernate-validator\8.0.1.Final\hibernate-validator-8.0.1.Final.jar;C:\Users\prakash dangi\.m2\repository\jakarta\validation\jakarta.validation-api\3.0.2\jakarta.validation-api-3.0.2.jar;C:\Users\prakash dangi\.m2\repository\org\springframework\boot\spring-boot-starter-web\3.1.8\spring-boot-starter-web-3.1.8.jar;C:\Users\prakash dangi\.m2\repository\org\springframework\boot\spring-boot-starter-json\3.1.8\spring-boot-starter-json-3.1.8.jar;C:\Users\prakash dangi\.m2\repository\com\fasterxml\jackson\core\jackson-databind\2.15.3\jackson-databind-2.15.3.jar;C:\Users\prakash dangi\.m2\repository\com\fasterxml\jackson\datatype\jackson-datatype-jdk8\2.15.3\jackson-datatype-jdk8-2.15.3.jar;C:\Users\prakash dangi\.m2\repository\com\fasterxml\jackson\datatype\jackson-datatype-jsr310\2.15.3\jackson-datatype-jsr310-2.15.3.jar;C:\Users\prakash dangi\.m2\repository\com\fasterxml\jackson\module\jackson-module-parameter-names\2.15.3\jackson-module-parameter-names-2.15.3.jar;C:\Users\prakash dangi\.m2\repository\org\springframework\boot\spring-boot-starter-tomcat\3.1.8\spring-boot-starter-tomcat-3.1.8.jar;C:\Users\prakash dangi\.m2\repository\org\apache\tomcat\embed\tomcat-embed-core\10.1.18\tomcat-embed-core-10.1.18.jar;C:\Users\prakash dangi\.m2\repository\org\apache\tomcat\embed\tomcat-embed-websocket\10.1.18\tomcat-embed-websocket-10.1.18.jar;C:\Users\prakash dangi\.m2\repository\org\springframework\spring-web\6.0.16\spring-web-6.0.16.jar;C:\Users\prakash dangi\.m2\repository\org\springframework\spring-webmvc\6.0.16\spring-webmvc-6.0.16.jar;C:\Users\prakash dangi\.m2\repository\org\springframework\spring-expression\6.0.16\spring-expression-6.0.16.jar;C:\Users\prakash dangi\.m2\repository\com\mysql\mysql-connector-j\8.0.33\mysql-connector-j-8.0.33.jar;C:\Users\prakash dangi\.m2\repository\org\projectlombok\lombok\1.18.30\lombok-1.18.30.jar;C:\Users\prakash dangi\.m2\repository\org\springframework\boot\spring-boot-starter-test\3.1.8\spring-boot-starter-test-3.1.8.jar;C:\Users\prakash dangi\.m2\repository\org\springframework\boot\spring-boot-test\3.1.8\spring-boot-test-3.1.8.jar;C:\Users\prakash dangi\.m2\repository\org\springframework\boot\spring-boot-test-autoconfigure\3.1.8\spring-boot-test-autoconfigure-3.1.8.jar;C:\Users\prakash dangi\.m2\repository\com\jayway\jsonpath\json-path\2.8.0\json-path-2.8.0.jar;C:\Users\prakash dangi\.m2\repository\jakarta\xml\bind\jakarta.xml.bind-api\4.0.1\jakarta.xml.bind-api-4.0.1.jar;C:\Users\prakash dangi\.m2\repository\jakarta\activation\jakarta.activation-api\2.1.2\jakarta.activation-api-2.1.2.jar;C:\Users\prakash dangi\.m2\repository\net\minidev\json-smart\2.4.11\json-smart-2.4.11.jar;C:\Users\prakash dangi\.m2\repository\net\minidev\accessors-smart\2.4.11\accessors-smart-2.4.11.jar;C:\Users\prakash dangi\.m2\repository\org\ow2\asm\asm\9.3\asm-9.3.jar;C:\Users\prakash dangi\.m2\repository\org\assertj\assertj-core\3.24.2\assertj-core-3.24.2.jar;C:\Users\prakash dangi\.m2\repository\org\hamcrest\hamcrest\2.2\hamcrest-2.2.jar;C:\Users\prakash dangi\.m2\repository\org\junit\jupiter\junit-jupiter\5.9.3\junit-jupiter-5.9.3.jar;C:\Users\prakash dangi\.m2\repository\org\junit\jupiter\junit-jupiter-api\5.9.3\junit-jupiter-api-5.9.3.jar;C:\Users\prakash dangi\.m2\repository\org\opentest4j\opentest4j\1.2.0\opentest4j-1.2.0.jar;C:\Users\prakash dangi\.m2\repository\org\junit\platform\junit-platform-commons\1.9.3\junit-platform-commons-1.9.3.jar;C:\Users\prakash dangi\.m2\repository\org\apiguardian\apiguardian-api\1.1.2\apiguardian-api-1.1.2.jar;C:\Users\prakash dangi\.m2\repository\org\junit\jupiter\junit-jupiter-params\5.9.3\junit-jupiter-params-5.9.3.jar;C:\Users\prakash dangi\.m2\repository\org\junit\jupiter\junit-jupiter-engine\5.9.3\junit-jupiter-engine-5.9.3.jar;C:\Users\prakash dangi\.m2\repository\org\junit\platform\junit-platform-engine\1.9.3\junit-platform-engine-1.9.3.jar;C:\Users\prakash dangi\.m2\repository\org\mockito\mockito-core\5.3.1\mockito-core-5.3.1.jar;C:\Users\prakash dangi\.m2\repository\net\bytebuddy\byte-buddy-agent\1.14.11\byte-buddy-agent-1.14.11.jar;C:\Users\prakash dangi\.m2\repository\org\objenesis\objenesis\3.3\objenesis-3.3.jar;C:\Users\prakash dangi\.m2\repository\org\mockito\mockito-junit-jupiter\5.3.1\mockito-junit-jupiter-5.3.1.jar;C:\Users\prakash dangi\.m2\repository\org\skyscreamer\jsonassert\1.5.1\jsonassert-1.5.1.jar;C:\Users\prakash dangi\.m2\repository\com\vaadin\external\google\android-json\0.0.20131108.vaadin1\android-json-0.0.20131108.vaadin1.jar;C:\Users\prakash dangi\.m2\repository\org\springframework\spring-core\6.0.16\spring-core-6.0.16.jar;C:\Users\prakash dangi\.m2\repository\org\springframework\spring-jcl\6.0.16\spring-jcl-6.0.16.jar;C:\Users\prakash dangi\.m2\repository\org\springframework\spring-test\6.0.16\spring-test-6.0.16.jar;C:\Users\prakash dangi\.m2\repository\org\xmlunit\xmlunit-core\2.9.1\xmlunit-core-2.9.1.jar;C:\Users\prakash dangi\.m2\repository\org\springdoc\springdoc-openapi-starter-webmvc-ui\2.0.0\springdoc-openapi-starter-webmvc-ui-2.0.0.jar;C:\Users\prakash dangi\.m2\repository\org\springdoc\springdoc-openapi-starter-webmvc-api\2.0.0\springdoc-openapi-starter-webmvc-api-2.0.0.jar;C:\Users\prakash dangi\.m2\repository\org\springdoc\springdoc-openapi-starter-common\2.0.0\springdoc-openapi-starter-common-2.0.0.jar;C:\Users\prakash dangi\.m2\repository\io\swagger\core\v3\swagger-core-jakarta\2.2.7\swagger-core-jakarta-2.2.7.jar;C:\Users\prakash dangi\.m2\repository\org\apache\commons\commons-lang3\3.12.0\commons-lang3-3.12.0.jar;C:\Users\prakash dangi\.m2\repository\io\swagger\core\v3\swagger-annotations-jakarta\2.2.7\swagger-annotations-jakarta-2.2.7.jar;C:\Users\prakash dangi\.m2\repository\io\swagger\core\v3\swagger-models-jakarta\2.2.7\swagger-models-jakarta-2.2.7.jar;C:\Users\prakash dangi\.m2\repository\com\fasterxml\jackson\dataformat\jackson-dataformat-yaml\2.15.3\jackson-dataformat-yaml-2.15.3.jar;C:\Users\prakash dangi\.m2\repository\org\webjars\swagger-ui\4.15.5\swagger-ui-4.15.5.jar;C:\Users\prakash dangi\.m2\repository\org\webjars\webjars-locator-core\0.52\webjars-locator-core-0.52.jar;C:\Users\prakash dangi\.m2\repository\io\github\classgraph\classgraph\4.8.149\classgraph-4.8.149.jar;C:\Users\prakash dangi\.m2\repository\org\springframework\cloud\spring-cloud-starter-netflix-eureka-client\4.0.4\spring-cloud-starter-netflix-eureka-client-4.0.4.jar;C:\Users\prakash dangi\.m2\repository\org\springframework\cloud\spring-cloud-starter\4.0.5\spring-cloud-starter-4.0.5.jar;C:\Users\prakash dangi\.m2\repository\org\springframework\cloud\spring-cloud-context\4.0.5\spring-cloud-context-4.0.5.jar;C:\Users\prakash dangi\.m2\repository\org\springframework\security\spring-security-crypto\6.1.6\spring-security-crypto-6.1.6.jar;C:\Users\prakash dangi\.m2\repository\org\springframework\cloud\spring-cloud-commons\4.0.5\spring-cloud-commons-4.0.5.jar;C:\Users\prakash dangi\.m2\repository\org\springframework\security\spring-security-rsa\1.0.12.RELEASE\spring-security-rsa-1.0.12.RELEASE.jar;C:\Users\prakash dangi\.m2\repository\org\bouncycastle\bcpkix-jdk18on\1.73\bcpkix-jdk18on-1.73.jar;C:\Users\prakash dangi\.m2\repository\org\bouncycastle\bcprov-jdk18on\1.73\bcprov-jdk18on-1.73.jar;C:\Users\prakash dangi\.m2\repository\org\bouncycastle\bcutil-jdk18on\1.73\bcutil-jdk18on-1.73.jar;C:\Users\prakash dangi\.m2\repository\org\springframework\cloud\spring-cloud-netflix-eureka-client\4.0.4\spring-cloud-netflix-eureka-client-4.0.4.jar;C:\Users\prakash dangi\.m2\repository\org\apache\httpcomponents\client5\httpclient5\5.2.3\httpclient5-5.2.3.jar;C:\Users\prakash dangi\.m2\repository\org\apache\httpcomponents\core5\httpcore5\5.2.4\httpcore5-5.2.4.jar;C:\Users\prakash dangi\.m2\repository\org\apache\httpcomponents\core5\httpcore5-h2\5.2.4\httpcore5-h2-5.2.4.jar;C:\Users\prakash dangi\.m2\repository\com\netflix\eureka\eureka-client\2.0.1\eureka-client-2.0.1.jar;C:\Users\prakash dangi\.m2\repository\com\netflix\netflix-commons\netflix-eventbus\0.3.0\netflix-eventbus-0.3.0.jar;C:\Users\prakash dangi\.m2\repository\com\netflix\netflix-commons\netflix-infix\0.3.0\netflix-infix-0.3.0.jar;C:\Users\prakash dangi\.m2\repository\commons-jxpath\commons-jxpath\1.3\commons-jxpath-1.3.jar;C:\Users\prakash dangi\.m2\repository\joda-time\joda-time\2.3\joda-time-2.3.jar;C:\Users\prakash dangi\.m2\repository\org\antlr\antlr-runtime\3.4\antlr-runtime-3.4.jar;C:\Users\prakash dangi\.m2\repository\org\antlr\stringtemplate\3.2.1\stringtemplate-3.2.1.jar;C:\Users\prakash dangi\.m2\repository\antlr\antlr\2.7.7\antlr-2.7.7.jar;C:\Users\prakash dangi\.m2\repository\com\google\code\gson\gson\2.10.1\gson-2.10.1.jar;C:\Users\prakash dangi\.m2\repository\org\apache\commons\commons-math\2.2\commons-math-2.2.jar;C:\Users\prakash dangi\.m2\repository\com\thoughtworks\xstream\xstream\1.4.19\xstream-1.4.19.jar;C:\Users\prakash dangi\.m2\repository\io\github\x-stream\mxparser\1.2.2\mxparser-1.2.2.jar;C:\Users\prakash dangi\.m2\repository\xmlpull\xmlpull\1.1.3.1\xmlpull-1.1.3.1.jar;C:\Users\prakash dangi\.m2\repository\jakarta\ws\rs\jakarta.ws.rs-api\3.1.0\jakarta.ws.rs-api-3.1.0.jar;C:\Users\prakash dangi\.m2\repository\com\netflix\servo\servo-core\0.12.21\servo-core-0.12.21.jar;C:\Users\prakash dangi\.m2\repository\com\google\guava\guava\19.0\guava-19.0.jar;C:\Users\prakash dangi\.m2\repository\org\apache\httpcomponents\httpclient\4.5.3\httpclient-4.5.3.jar;C:\Users\prakash dangi\.m2\repository\org\apache\httpcomponents\httpcore\4.4.16\httpcore-4.4.16.jar;C:\Users\prakash dangi\.m2\repository\commons-codec\commons-codec\1.15\commons-codec-1.15.jar;C:\Users\prakash dangi\.m2\repository\commons-configuration\commons-configuration\1.10\commons-configuration-1.10.jar;C:\Users\prakash dangi\.m2\repository\commons-lang\commons-lang\2.6\commons-lang-2.6.jar;C:\Users\prakash dangi\.m2\repository\com\fasterxml\jackson\core\jackson-annotations\2.15.3\jackson-annotations-2.15.3.jar;C:\Users\prakash dangi\.m2\repository\com\fasterxml\jackson\core\jackson-core\2.15.3\jackson-core-2.15.3.jar;C:\Users\prakash dangi\.m2\repository\org\codehaus\jettison\jettison\1.4.0\jettison-1.4.0.jar;C:\Users\prakash dangi\.m2\repository\com\netflix\eureka\eureka-core\2.0.1\eureka-core-2.0.1.jar;C:\Users\prakash dangi\.m2\repository\com\fasterxml\woodstox\woodstox-core\6.2.1\woodstox-core-6.2.1.jar;C:\Users\prakash dangi\.m2\repository\org\codehaus\woodstox\stax2-api\4.2.1\stax2-api-4.2.1.jar;C:\Users\prakash dangi\.m2\repository\org\springframework\cloud\spring-cloud-starter-loadbalancer\4.0.5\spring-cloud-starter-loadbalancer-4.0.5.jar;C:\Users\prakash dangi\.m2\repository\org\springframework\cloud\spring-cloud-loadbalancer\4.0.5\spring-cloud-loadbalancer-4.0.5.jar;C:\Users\prakash dangi\.m2\repository\io\projectreactor\reactor-core\3.5.14\reactor-core-3.5.14.jar;C:\Users\prakash dangi\.m2\repository\org\reactivestreams\reactive-streams\1.0.4\reactive-streams-1.0.4.jar;C:\Users\prakash dangi\.m2\repository\io\projectreactor\addons\reactor-extra\3.5.1\reactor-extra-3.5.1.jar;C:\Users\prakash dangi\.m2\repository\org\springframework\boot\spring-boot-starter-cache\3.1.8\spring-boot-starter-cache-3.1.8.jar;C:\Users\prakash dangi\.m2\repository\org\springframework\spring-context-support\6.0.16\spring-context-support-6.0.16.jar;C:\Users\prakash dangi\.m2\repository\com\stoyanr\evictor\1.0.0\evictor-1.0.0.jar;C:\Users\prakash dangi\.m2\repository\org\springframework\boot\spring-boot-starter-actuator\3.1.8\spring-boot-starter-actuator-3.1.8.jar;C:\Users\prakash dangi\.m2\repository\org\springframework\boot\spring-boot-actuator-autoconfigure\3.1.8\spring-boot-actuator-autoconfigure-3.1.8.jar;C:\Users\prakash dangi\.m2\repository\org\springframework\boot\spring-boot-actuator\3.1.8\spring-boot-actuator-3.1.8.jar;C:\Users\prakash dangi\.m2\repository\io\micrometer\micrometer-observation\1.11.8\micrometer-observation-1.11.8.jar;C:\Users\prakash dangi\.m2\repository\io\micrometer\micrometer-commons\1.11.8\micrometer-commons-1.11.8.jar;C:\Users\prakash dangi\.m2\repository\io\micrometer\micrometer-core\1.11.8\micrometer-core-1.11.8.jar;C:\Users\prakash dangi\.m2\repository\org\hdrhistogram\HdrHistogram\2.1.12\HdrHistogram-2.1.12.jar;C:\Users\prakash dangi\.m2\repository\org\latencyutils\LatencyUtils\2.0.3\LatencyUtils-2.0.3.jar;"/>
    <property name="sun.cpu.endian" value="little"/>
    <property name="user.home" value="C:\Users\prakash dangi"/>
    <property name="user.language" value="en"/>
    <property name="java.specification.vendor" value="Oracle Corporation"/>
    <property name="java.version.date" value="2023-10-17"/>
    <property name="java.home" value="C:\Users\prakash dangi\.jdks\openjdk-21.0.1"/>
    <property name="file.separator" value="\"/>
    <property name="basedir" value="C:\Users\prakash dangi\OneDrive - Clark University\Desktop\Spring-project\SpringBoot-MicroService-ProductService\springboot-mircroservice\inventory-service"/>
    <property name="java.vm.compressedOopsMode" value="32-bit"/>
    <property name="line.separator" value="&#10;"/>
    <property name="java.vm.specification.vendor" value="Oracle Corporation"/>
    <property name="java.specification.name" value="Java Platform API Specification"/>
    <property name="FILE_LOG_CHARSET" value="UTF-8"/>
    <property name="java.awt.headless" value="true"/>
    <property name="surefire.real.class.path" value="C:\Users\prakash dangi\AppData\Local\Temp\surefire3221433492757069355\surefirebooter-20240130235942253_8.jar"/>
    <property name="user.script" value=""/>
    <property name="sun.management.compiler" value="HotSpot 64-Bit Tiered Compilers"/>
    <property name="java.runtime.version" value="21.0.1+12-29"/>
    <property name="user.name" value="prakash dangi"/>
    <property name="stdout.encoding" value="Cp1252"/>
    <property name="path.separator" value=";"/>
    <property name="os.version" value="10.0"/>
    <property name="java.runtime.name" value="OpenJDK Runtime Environment"/>
    <property name="file.encoding" value="UTF-8"/>
    <property name="java.vm.name" value="OpenJDK 64-Bit Server VM"/>
    <property name="localRepository" value="C:\Users\prakash dangi\.m2\repository"/>
    <property name="java.vendor.url.bug" value="https://bugreport.java.com/bugreport/"/>
    <property name="java.io.tmpdir" value="C:\Users\PRAKAS~1\AppData\Local\Temp\"/>
    <property name="idea.version" value="2023.3.2"/>
    <property name="com.zaxxer.hikari.pool_number" value="1"/>
    <property name="java.version" value="21.0.1"/>
    <property name="user.dir" value="C:\Users\prakash dangi\OneDrive - Clark University\Desktop\Spring-project\SpringBoot-MicroService-ProductService\springboot-mircroservice\inventory-service"/>
    <property name="os.arch" value="amd64"/>
    <property name="java.vm.specification.name" value="Java Virtual Machine Specification"/>
    <property name="PID" value="9448"/>
    <property name="sun.os.patch.level" value=""/>
    <property name="CONSOLE_LOG_CHARSET" value="UTF-8"/>
    <property name="native.encoding" value="Cp1252"/>
    <property name="java.library.path" value="C:\Users\prakash dangi\.jdks\openjdk-21.0.1\bin;C:\WINDOWS\Sun\Java\bin;C:\WINDOWS\system32;C:\WINDOWS;C:\Program Files\Common Files\Oracle\Java\javapath;C:\Windows\system32;C:\Windows;C:\Windows\System32\Wbem;C:\Windows\System32\WindowsPowerShell\v1.0\;C:\Windows\System32\OpenSSH\;C:\Program Files (x86)\NVIDIA Corporation\PhysX\Common;C:\Program Files\NVIDIA Corporation\NVIDIA NvDLISR;C:\WINDOWS\system32;C:\WINDOWS;C:\WINDOWS\System32\Wbem;C:\WINDOWS\System32\WindowsPowerShell\v1.0\;C:\WINDOWS\System32\OpenSSH\;C:\Program Files\Git\cmd;C:\Program Files\JetBrains\IntelliJ IDEA 2023.3.2\bin;C:\Users\prakash dangi\AppData\Local\Microsoft\WindowsApps;;C:\Users\prakash dangi\AppData\Local\Programs\Microsoft VS Code\bin;."/>
    <property name="java.vm.info" value="mixed mode, sharing"/>
    <property name="stderr.encoding" value="Cp1252"/>
    <property name="java.vendor" value="Oracle Corporation"/>
    <property name="java.vm.version" value="21.0.1+12-29"/>
    <property name="sun.io.unicode.encoding" value="UnicodeLittle"/>
    <property name="java.class.version" value="65.0"/>
  </properties>
  <testcase name="contextLoads" classname="com.prakash.inventoryService.InventoryServiceApplicationTests" time="0.518">
    <system-out><![CDATA[23:59:42.977 [main] INFO org.springframework.test.context.support.AnnotationConfigContextLoaderUtils -- Could not detect default configuration classes for test class [com.prakash.inventoryService.InventoryServiceApplicationTests]: InventoryServiceApplicationTests does not declare any static, non-private, non-final, nested classes annotated with @Configuration.
23:59:43.060 [main] INFO org.springframework.boot.test.context.SpringBootTestContextBootstrapper -- Found @SpringBootConfiguration com.prakash.inventoryService.InventoryServiceApplication for test class com.prakash.inventoryService.InventoryServiceApplicationTests

  .   ____          _            __ _ _
 /\\ / ___'_ __ _ _(_)_ __  __ _ \ \ \ \
( ( )\___ | '_ | '_| | '_ \/ _` | \ \ \ \
 \\/  ___)| |_)| | | | | || (_| |  ) ) ) )
  '  |____| .__|_| |_|_| |_\__, | / / / /
 =========|_|==============|___/=/_/_/_/
 :: Spring Boot ::                (v3.1.8)

2024-01-30T23:59:43.448-05:00  INFO 9448 --- [           main] c.p.i.InventoryServiceApplicationTests   : Starting InventoryServiceApplicationTests using Java 21.0.1 with PID 9448 (started by prakash dangi in C:\Users\prakash dangi\OneDrive - Clark University\Desktop\Spring-project\SpringBoot-MicroService-ProductService\springboot-mircroservice\inventory-service)
2024-01-30T23:59:43.450-05:00  INFO 9448 --- [           main] c.p.i.InventoryServiceApplicationTests   : No active profile set, falling back to 1 default profile: "default"
2024-01-30T23:59:44.395-05:00  INFO 9448 --- [           main] .s.d.r.c.RepositoryConfigurationDelegate : Bootstrapping Spring Data JPA repositories in DEFAULT mode.
2024-01-30T23:59:44.513-05:00  INFO 9448 --- [           main] .s.d.r.c.RepositoryConfigurationDelegate : Finished Spring Data repository scanning in 112 ms. Found 1 JPA repository interface.
2024-01-30T23:59:44.759-05:00  INFO 9448 --- [           main] o.s.cloud.context.scope.GenericScope     : BeanFactory id=0a191d48-bac0-304e-8655-dce42c8b6e0b
2024-01-30T23:59:45.058-05:00  INFO 9448 --- [           main] o.hibernate.jpa.internal.util.LogHelper  : HHH000204: Processing PersistenceUnitInfo [name: default]
2024-01-30T23:59:45.113-05:00  INFO 9448 --- [           main] org.hibernate.Version                    : HHH000412: Hibernate ORM core version 6.2.20.Final
2024-01-30T23:59:45.115-05:00  INFO 9448 --- [           main] org.hibernate.cfg.Environment            : HHH000406: Using bytecode reflection optimizer
2024-01-30T23:59:45.404-05:00  INFO 9448 --- [           main] o.s.o.j.p.SpringPersistenceUnitInfo      : No LoadTimeWeaver setup: ignoring JPA class transformer
2024-01-30T23:59:45.428-05:00  INFO 9448 --- [           main] com.zaxxer.hikari.HikariDataSource       : HikariPool-1 - Starting...
2024-01-30T23:59:45.796-05:00  INFO 9448 --- [           main] com.zaxxer.hikari.pool.HikariPool        : HikariPool-1 - Added connection com.mysql.cj.jdbc.ConnectionImpl@18d22ecf
2024-01-30T23:59:45.799-05:00  INFO 9448 --- [           main] com.zaxxer.hikari.HikariDataSource       : HikariPool-1 - Start completed.
2024-01-30T23:59:45.838-05:00  WARN 9448 --- [           main] org.hibernate.orm.deprecation            : HHH90000025: MySQL8Dialect does not need to be specified explicitly using 'hibernate.dialect' (remove the property setting and it will be selected by default)
2024-01-30T23:59:45.839-05:00  WARN 9448 --- [           main] org.hibernate.orm.deprecation            : HHH90000026: MySQL8Dialect has been deprecated; use org.hibernate.dialect.MySQLDialect instead
2024-01-30T23:59:46.560-05:00  INFO 9448 --- [           main] o.h.e.t.j.p.i.JtaPlatformInitiator       : HHH000489: No JTA platform available (set 'hibernate.transaction.jta.platform' to enable JTA platform integration)
2024-01-30T23:59:46.605-05:00  INFO 9448 --- [           main] j.LocalContainerEntityManagerFactoryBean : Initialized JPA EntityManagerFactory for persistence unit 'default'
2024-01-30T23:59:47.136-05:00  WARN 9448 --- [           main] JpaBaseConfiguration$JpaWebConfiguration : spring.jpa.open-in-view is enabled by default. Therefore, database queries may be performed during view rendering. Explicitly configure spring.jpa.open-in-view to disable this warning
2024-01-30T23:59:48.561-05:00  INFO 9448 --- [           main] DiscoveryClientOptionalArgsConfiguration : Eureka HTTP Client uses RestTemplate.
2024-01-30T23:59:48.600-05:00  WARN 9448 --- [           main] iguration$LoadBalancerCaffeineWarnLogger : Spring Cloud LoadBalancer is currently working with the default cache. While this cache implementation is useful for development and tests, it's recommended to use Caffeine cache in production.You can switch to using Caffeine cache, by adding it and org.springframework.cache.caffeine.CaffeineCacheManager to the classpath.
2024-01-30T23:59:48.610-05:00  INFO 9448 --- [           main] o.s.b.a.e.web.EndpointLinksResolver      : Exposing 1 endpoint(s) beneath base path '/actuator'
2024-01-30T23:59:48.671-05:00  INFO 9448 --- [           main] o.s.c.n.eureka.InstanceInfoFactory       : Setting initial instance status as: STARTING
2024-01-30T23:59:48.784-05:00  INFO 9448 --- [           main] com.netflix.discovery.DiscoveryClient    : Initializing Eureka in region us-east-1
2024-01-30T23:59:48.788-05:00  INFO 9448 --- [           main] c.n.d.s.r.aws.ConfigClusterResolver      : Resolving eureka endpoints via configuration
2024-01-30T23:59:48.809-05:00  INFO 9448 --- [           main] com.netflix.discovery.DiscoveryClient    : Disable delta property : false
2024-01-30T23:59:48.809-05:00  INFO 9448 --- [           main] com.netflix.discovery.DiscoveryClient    : Single vip registry refresh property : null
2024-01-30T23:59:48.809-05:00  INFO 9448 --- [           main] com.netflix.discovery.DiscoveryClient    : Force full registry fetch : false
2024-01-30T23:59:48.809-05:00  INFO 9448 --- [           main] com.netflix.discovery.DiscoveryClient    : Application is null : false
2024-01-30T23:59:48.809-05:00  INFO 9448 --- [           main] com.netflix.discovery.DiscoveryClient    : Registered Applications size is zero : true
2024-01-30T23:59:48.809-05:00  INFO 9448 --- [           main] com.netflix.discovery.DiscoveryClient    : Application version is -1: true
2024-01-30T23:59:48.809-05:00  INFO 9448 --- [           main] com.netflix.discovery.DiscoveryClient    : Getting all instance registry info from the eureka server
2024-01-30T23:59:49.078-05:00  INFO 9448 --- [           main] com.netflix.discovery.DiscoveryClient    : The response status is 200
2024-01-30T23:59:49.080-05:00  INFO 9448 --- [           main] com.netflix.discovery.DiscoveryClient    : Starting heartbeat executor: renew interval is: 30
2024-01-30T23:59:49.082-05:00  INFO 9448 --- [           main] c.n.discovery.InstanceInfoReplicator     : InstanceInfoReplicator onDemand update allowed rate per min is 4
2024-01-30T23:59:49.089-05:00  INFO 9448 --- [           main] com.netflix.discovery.DiscoveryClient    : Discovery Client initialized at timestamp 1706677189088 with initial instances count: 0
2024-01-30T23:59:49.093-05:00  INFO 9448 --- [           main] o.s.c.n.e.s.EurekaServiceRegistry        : Registering application UNKNOWN with eureka with status UP
2024-01-30T23:59:49.093-05:00  INFO 9448 --- [           main] com.netflix.discovery.DiscoveryClient    : Saw local status change event StatusChangeEvent [timestamp=1706677189093, current=UP, previous=STARTING]
2024-01-30T23:59:49.095-05:00  INFO 9448 --- [nfoReplicator-0] com.netflix.discovery.DiscoveryClient    : DiscoveryClient_UNKNOWN/LAPTOP-V80T9V7C.mynetworksettings.com:1010: registering service...
2024-01-30T23:59:49.114-05:00  INFO 9448 --- [           main] c.p.i.InventoryServiceApplicationTests   : Started InventoryServiceApplicationTests in 5.93 seconds (process running for 6.789)
2024-01-30T23:59:49.139-05:00  INFO 9448 --- [nfoReplicator-0] com.netflix.discovery.DiscoveryClient    : DiscoveryClient_UNKNOWN/LAPTOP-V80T9V7C.mynetworksettings.com:1010 - registration status: 204
]]></system-out>
    <system-err><![CDATA[WARNING: A Java agent has been loaded dynamically (C:\Users\prakash dangi\.m2\repository\net\bytebuddy\byte-buddy-agent\1.14.11\byte-buddy-agent-1.14.11.jar)
WARNING: If a serviceability tool is in use, please run with -XX:+EnableDynamicAgentLoading to hide this warning
WARNING: If a serviceability tool is not in use, please run with -Djdk.instrument.traceUsage for more information
WARNING: Dynamic loading of agents will be disallowed by default in a future release
]]></system-err>
  </testcase>
</testsuite>